#
# A fatal error has been detected by the Java Runtime Environment:
#
#  EXCEPTION_ACCESS_VIOLATION (0xc0000005) at pc=0x00007ffeb4e71a86, pid=28740, tid=13308
#
# JRE version: Java(TM) SE Runtime Environment (8.0_05-b13) (build 1.8.0_05-b13)
# Java VM: Java HotSpot(TM) 64-Bit Server VM (25.5-b02 mixed mode windows-amd64 compressed oops)
# Problematic frame:
# C  [tcl_jni_bridge.dll+0x1a86]
#
# Failed to write core dump. Minidumps are not enabled by default on client versions of Windows
#
# If you would like to submit a bug report, please visit:
#   http://bugreport.sun.com/bugreport/crash.jsp
# The crash happened outside the Java Virtual Machine in native code.
# See problematic frame for where to report the bug.
#

---------------  T H R E A D  ---------------

Current thread (0x0000018267621800):  JavaThread "Tcl Event Queue" [_thread_in_native, id=13308, stack(0x0000006a13100000,0x0000006a13200000)]

siginfo: ExceptionCode=0xc0000005, writing address 0x000000006f270ea0

Registers:
RAX=0x000000006f270ea0, RBX=0x000000006f270ea0, RCX=0x00000182676219e0, RDX=0x0000006a131ff060
RSP=0x0000006a131fef70, RBP=0x0000000000000002, RSI=0x0000006a131ff060, RDI=0x00000182676219e0
R8 =0x0000000000000042, R9 =0x0000000781224c30, R10=0x00000000000001c8, R11=0x00000000603a9230
R12=0x0000000000000000, R13=0x000001827148a1e0, R14=0x0000006a131ff058, R15=0x0000018267621800
RIP=0x00007ffeb4e71a86, EFLAGS=0x0000000000010206

Top of Stack: (sp=0x0000006a131fef70)
0x0000006a131fef70:   0000000781224d78 000001824ec9610f
0x0000006a131fef80:   000001826944ec00 0000018267621800
0x0000006a131fef90:   0000006a131ff060 0000000781224d78
0x0000006a131fefa0:   0000000000000000 000001824ec96295
0x0000006a131fefb0:   0000000781224d78 000001827148a1e0
0x0000006a131fefc0:   0000006a131ff030 000001827148a1e0
0x0000006a131fefd0:   0000000000000000 0000018267621800
0x0000006a131fefe0:   0000006a131ff108 000001824ec95f7c
0x0000006a131feff0:   0000006a131feff0 000001827148a1e0
0x0000006a131ff000:   0000006a131ff060 000001827148bb80
0x0000006a131ff010:   0000000000000000 000001827148a1e0
0x0000006a131ff020:   0000000000000000 0000006a131ff050
0x0000006a131ff030:   0000006a131ff0b8 000001824ec87380
0x0000006a131ff040:   0000000000000000 000001824ec8f998
0x0000006a131ff050:   0000000000000002 00000007813536e8
0x0000006a131ff060:   00000007813596b0 0000000781224bf0 

Instructions: (pc=0x00007ffeb4e71a86)
0x00007ffeb4e71a66:   8b f0 4c 8b 05 79 46 00 00 41 8b e9 48 8b f2 48
0x00007ffeb4e71a76:   8b f9 ff 90 28 03 00 00 48 8b d8 48 85 c0 74 09
0x00007ffeb4e71a86:   48 89 38 48 89 70 08 eb 08 48 8b cf e8 39 05 00
0x00007ffeb4e71a96:   00 48 8b 07 48 8b d6 48 8b cf ff 90 f8 00 00 00 


Register to memory mapping:

RAX=0x000000006f270ea0 is an unknown value
RBX=0x000000006f270ea0 is an unknown value
RCX=0x00000182676219e0 is an unknown value
RDX=0x0000006a131ff060 is pointing into the stack for thread: 0x0000018267621800
RSP=0x0000006a131fef70 is pointing into the stack for thread: 0x0000018267621800
RBP=0x0000000000000002 is an unknown value
RSI=0x0000006a131ff060 is pointing into the stack for thread: 0x0000018267621800
RDI=0x00000182676219e0 is an unknown value
R8 =0x0000000000000042 is an unknown value
R9 =0x0000000781224c30 is an oop
com.altera.tcl.interpreter.NativeTclWrapper 
 - klass: 'com/altera/tcl/interpreter/NativeTclWrapper'
R10=0x00000000000001c8 is an unknown value
R11=0x00000000603a9230 is an unknown value
R12=0x0000000000000000 is an unknown value
R13=0x000001827148a1e0 is an unknown value
R14=0x0000006a131ff058 is pointing into the stack for thread: 0x0000018267621800
R15=0x0000018267621800 is a thread


Stack: [0x0000006a13100000,0x0000006a13200000],  sp=0x0000006a131fef70,  free space=1019k
Native frames: (J=compiled Java code, j=interpreted, Vv=VM code, C=native code)
C  [tcl_jni_bridge.dll+0x1a86]
C  0x000001824ec96295

Java frames: (J=compiled Java code, j=interpreted, Vv=VM code)
j  com.altera.tcl.interpreter.NativeTclWrapper.setupTclOutputChannel0(Ljava/lang/String;I)V+0
j  com.altera.tcl.interpreter.NativeTclWrapper.<init>(Lcom/altera/tcl/interpreter/NativeTCLInterpreter;)V+134
j  com.altera.tcl.interpreter.NativeTCLInterpreter.sanityCheck()V+18
j  com.altera.tcl.interpreter.NativeTCLInterpreter.setScalarVariable(Ljava/lang/String;Ljava/lang/String;)Z+1
j  com.altera.tcl.interpreter.InterpreterInstantiator.createTclInterpreter(Ljava/util/List;Z)V+43
j  com.altera.tcl.interpreter.InterpreterInstantiator.access$000(Lcom/altera/tcl/interpreter/InterpreterInstantiator;Ljava/util/List;Z)V+3
j  com.altera.tcl.interpreter.InterpreterInstantiator$1.run()V+16
j  java.lang.Thread.run()V+11
v  ~StubRoutines::call_stub

---------------  P R O C E S S  ---------------

Java Threads: ( => current thread )
=>0x0000018267621800 JavaThread "Tcl Event Queue" [_thread_in_native, id=13308, stack(0x0000006a13100000,0x0000006a13200000)]
  0x0000018267620000 JavaThread "Timer-0" daemon [_thread_blocked, id=30204, stack(0x0000006a13000000,0x0000006a13100000)]
  0x0000018267624800 JavaThread "JTAG scanner" [_thread_in_native, id=29984, stack(0x0000006a12f00000,0x0000006a13000000)]
  0x0000018267622000 JavaThread "TimerQueue" daemon [_thread_blocked, id=32480, stack(0x0000006a12e00000,0x0000006a12f00000)]
  0x000001826761f000 JavaThread "Image Fetcher 3" daemon [_thread_blocked, id=30084, stack(0x0000006a12a00000,0x0000006a12b00000)]
  0x0000018267620800 JavaThread "Image Fetcher 2" daemon [_thread_blocked, id=32228, stack(0x0000006a12900000,0x0000006a12a00000)]
  0x00000182675aa800 JavaThread "Image Fetcher 1" daemon [_thread_blocked, id=22412, stack(0x0000006a12800000,0x0000006a12900000)]
  0x00000182675a7800 JavaThread "Image Fetcher 0" daemon [_thread_blocked, id=33248, stack(0x0000006a12700000,0x0000006a12800000)]
  0x000001826754a800 JavaThread "AWT-EventQueue-0" [_thread_in_Java, id=32420, stack(0x0000006a12500000,0x0000006a12600000)]
  0x00000182672c9000 JavaThread "AWT-Shutdown" [_thread_blocked, id=28928, stack(0x0000006a12400000,0x0000006a12500000)]
  0x000001826756e000 JavaThread "<ClientThread-Pool#2-ID:1>" [_thread_blocked, id=29720, stack(0x0000006a12200000,0x0000006a12300000)]
  0x0000018267047000 JavaThread "QuickServer - SystemConsole secondary JTAG server" [_thread_in_native, id=32268, stack(0x0000006a12100000,0x0000006a12200000)]
  0x00000182672f3000 JavaThread "<ClientThread-Pool#1-ID:1>" [_thread_blocked, id=31220, stack(0x0000006a11e00000,0x0000006a11f00000)]
  0x000001826721c000 JavaThread "QuickServer - System Console RPC" [_thread_in_native, id=32712, stack(0x0000006a11d00000,0x0000006a11e00000)]
  0x0000018267048000 JavaThread "AWT-Windows" daemon [_thread_in_native, id=32972, stack(0x0000006a11c00000,0x0000006a11d00000)]
  0x0000018267046800 JavaThread "Java2D Disposer" daemon [_thread_blocked, id=27972, stack(0x0000006a11a00000,0x0000006a11b00000)]
  0x0000018266e4a800 JavaThread "SystemConsoleEventThread Event Queue" [_thread_blocked, id=18032, stack(0x0000006a11900000,0x0000006a11a00000)]
  0x0000018265a3e800 JavaThread "Service Thread" daemon [_thread_blocked, id=29364, stack(0x0000006a11700000,0x0000006a11800000)]
  0x00000182659fb000 JavaThread "C1 CompilerThread2" daemon [_thread_in_native, id=27912, stack(0x0000006a11600000,0x0000006a11700000)]
  0x00000182659ed000 JavaThread "C2 CompilerThread1" daemon [_thread_in_native, id=31100, stack(0x0000006a11500000,0x0000006a11600000)]
  0x00000182659e8800 JavaThread "C2 CompilerThread0" daemon [_thread_blocked, id=32088, stack(0x0000006a11400000,0x0000006a11500000)]
  0x00000182659e7000 JavaThread "Attach Listener" daemon [_thread_blocked, id=27752, stack(0x0000006a11300000,0x0000006a11400000)]
  0x00000182659e6000 JavaThread "Signal Dispatcher" daemon [_thread_blocked, id=29076, stack(0x0000006a11200000,0x0000006a11300000)]
  0x00000182659a8000 JavaThread "Finalizer" daemon [_thread_blocked, id=31448, stack(0x0000006a11100000,0x0000006a11200000)]
  0x000001824ec72000 JavaThread "Reference Handler" daemon [_thread_blocked, id=19568, stack(0x0000006a11000000,0x0000006a11100000)]
  0x000001824eb86000 JavaThread "main" [_thread_blocked, id=28580, stack(0x0000006a10410000,0x0000006a10510000)]

Other Threads:
  0x00000182659a7000 VMThread [stack: 0x0000006a10f00000,0x0000006a11000000] [id=26352]
  0x0000018266a7c800 WatcherThread [stack: 0x0000006a11800000,0x0000006a11900000] [id=26876]

VM state:not at safepoint (normal execution)

VM Mutex/Monitor currently owned by a thread:  ([mutex/lock_event])
[0x000001824d2bebd0] SymbolTable_lock - owner thread: 0x0000000000000000

Heap:
 PSYoungGen      total 18944K, used 2476K [0x0000000780300000, 0x0000000781f80000, 0x00000007c0000000)
  eden space 16384K, 1% used [0x0000000780300000,0x0000000780335f98,0x0000000781300000)
  from space 2560K, 88% used [0x0000000781300000,0x00000007815353e0,0x0000000781580000)
  to   space 3072K, 0% used [0x0000000781c80000,0x0000000781c80000,0x0000000781f80000)
 ParOldGen       total 195072K, used 18538K [0x0000000700800000, 0x000000070c680000, 0x0000000780300000)
  object space 195072K, 9% used [0x0000000700800000,0x0000000701a1aa10,0x000000070c680000)
 Metaspace       used 18373K, capacity 18552K, committed 18816K, reserved 1064960K
  class space    used 2564K, capacity 2631K, committed 2688K, reserved 1048576K

Card table byte_map: [0x000001825e040000,0x000001825e640000] byte_map_base: 0x000001825a83c000

Marking Bits: (ParMarkBitMap*) 0x00000000603b13b0
 Begin Bits: [0x000001825ea40000, 0x0000018261a20000)
 End Bits:   [0x0000018261a20000, 0x0000018264a00000)

Polling page: 0x000001824d2a0000

CodeCache: size=245760Kb used=4867Kb max_used=4867Kb free=240892Kb
 bounds [0x000001824ec80000, 0x000001824f150000, 0x000001825dc80000]
 total_blobs=1858 nmethods=1323 adapters=448
 compilation: enabled

Compilation events (10 events):
Event: 4.543 Thread 0x00000182659fb000 nmethod 1301 0x000001824f124710 code [0x000001824f124880, 0x000001824f124af0]
Event: 4.543 Thread 0x00000182659fb000 1302       3       java.awt.image.DirectColorModel::getDataElements (951 bytes)
Event: 4.545 Thread 0x00000182659fb000 nmethod 1302 0x000001824f124b90 code [0x000001824f124fe0, 0x000001824f127030]
Event: 4.545 Thread 0x00000182659fb000 1303       3       sun.awt.image.IntegerInterleavedRaster::setDataElements (94 bytes)
Event: 4.545 Thread 0x00000182659fb000 nmethod 1303 0x000001824f128750 code [0x000001824f128900, 0x000001824f128f30]
Event: 4.546 Thread 0x00000182659fb000 1304       1       java.awt.Component::getGraphicsConfiguration_NoClientCode (5 bytes)
Event: 4.547 Thread 0x00000182659fb000 nmethod 1304 0x000001824f129290 code [0x000001824f1293e0, 0x000001824f1294f8]
Event: 4.548 Thread 0x00000182659fb000 1305       3       javax.swing.JComponent::repaint (16 bytes)
Event: 4.548 Thread 0x00000182659fb000 nmethod 1305 0x000001824f129550 code [0x000001824f1296e0, 0x000001824f129a30]
Event: 4.549 Thread 0x00000182659fb000 1306       3       javax.swing.RepaintManager::addDirtyRegion (37 bytes)

GC Heap History (10 events):
Event: 1.735 GC heap before
{Heap before GC invocations=12 (full 0):
 PSYoungGen      total 4608K, used 4451K [0x0000000780300000, 0x0000000780b00000, 0x00000007c0000000)
  eden space 3584K, 100% used [0x0000000780300000,0x0000000780680000,0x0000000780680000)
  from space 1024K, 84% used [0x0000000780680000,0x0000000780758f10,0x0000000780780000)
  to   space 1024K, 0% used [0x0000000780a00000,0x0000000780a00000,0x0000000780b00000)
 ParOldGen       total 195072K, used 1767K [0x0000000700800000, 0x000000070c680000, 0x0000000780300000)
  object space 195072K, 0% used [0x0000000700800000,0x00000007009b9ed8,0x000000070c680000)
 Metaspace       used 8389K, capacity 8502K, committed 8576K, reserved 1056768K
  class space    used 1033K, capacity 1083K, committed 1152K, reserved 1048576K
Event: 1.736 GC heap after
Heap after GC invocations=12 (full 0):
 PSYoungGen      total 7168K, used 455K [0x0000000780300000, 0x0000000780b00000, 0x00000007c0000000)
  eden space 6144K, 0% used [0x0000000780300000,0x0000000780300000,0x0000000780900000)
  from space 1024K, 44% used [0x0000000780a00000,0x0000000780a71fe8,0x0000000780b00000)
  to   space 1024K, 0% used [0x0000000780900000,0x0000000780900000,0x0000000780a00000)
 ParOldGen       total 195072K, used 2411K [0x0000000700800000, 0x000000070c680000, 0x0000000780300000)
  object space 195072K, 1% used [0x0000000700800000,0x0000000700a5aee8,0x000000070c680000)
 Metaspace       used 8389K, capacity 8502K, committed 8576K, reserved 1056768K
  class space    used 1033K, capacity 1083K, committed 1152K, reserved 1048576K
}
Event: 1.826 GC heap before
{Heap before GC invocations=13 (full 0):
 PSYoungGen      total 7168K, used 6599K [0x0000000780300000, 0x0000000780b00000, 0x00000007c0000000)
  eden space 6144K, 100% used [0x0000000780300000,0x0000000780900000,0x0000000780900000)
  from space 1024K, 44% used [0x0000000780a00000,0x0000000780a71fe8,0x0000000780b00000)
  to   space 1024K, 0% used [0x0000000780900000,0x0000000780900000,0x0000000780a00000)
 ParOldGen       total 195072K, used 2411K [0x0000000700800000, 0x000000070c680000, 0x0000000780300000)
  object space 195072K, 1% used [0x0000000700800000,0x0000000700a5aee8,0x000000070c680000)
 Metaspace       used 9590K, capacity 9718K, committed 9984K, reserved 1058816K
  class space    used 1182K, capacity 1211K, committed 1280K, reserved 1048576K
Event: 1.827 GC heap after
Heap after GC invocations=13 (full 0):
 PSYoungGen      total 7168K, used 955K [0x0000000780300000, 0x0000000781000000, 0x00000007c0000000)
  eden space 6144K, 0% used [0x0000000780300000,0x0000000780300000,0x0000000780900000)
  from space 1024K, 93% used [0x0000000780900000,0x00000007809eed18,0x0000000780a00000)
  to   space 1536K, 0% used [0x0000000780e80000,0x0000000780e80000,0x0000000781000000)
 ParOldGen       total 195072K, used 2555K [0x0000000700800000, 0x000000070c680000, 0x0000000780300000)
  object space 195072K, 1% used [0x0000000700800000,0x0000000700a7eee8,0x000000070c680000)
 Metaspace       used 9590K, capacity 9718K, committed 9984K, reserved 1058816K
  class space    used 1182K, capacity 1211K, committed 1280K, reserved 1048576K
}
Event: 4.052 GC heap before
{Heap before GC invocations=14 (full 0):
 PSYoungGen      total 7168K, used 7099K [0x0000000780300000, 0x0000000781000000, 0x00000007c0000000)
  eden space 6144K, 100% used [0x0000000780300000,0x0000000780900000,0x0000000780900000)
  from space 1024K, 93% used [0x0000000780900000,0x00000007809eed18,0x0000000780a00000)
  to   space 1536K, 0% used [0x0000000780e80000,0x0000000780e80000,0x0000000781000000)
 ParOldGen       total 195072K, used 2555K [0x0000000700800000, 0x000000070c680000, 0x0000000780300000)
  object space 195072K, 1% used [0x0000000700800000,0x0000000700a7eee8,0x000000070c680000)
 Metaspace       used 11992K, capacity 12092K, committed 12288K, reserved 1060864K
  class space    used 1497K, capacity 1533K, committed 1536K, reserved 1048576K
Event: 4.054 GC heap after
Heap after GC invocations=14 (full 0):
 PSYoungGen      total 11776K, used 1045K [0x0000000780300000, 0x0000000781000000, 0x00000007c0000000)
  eden space 10240K, 0% used [0x0000000780300000,0x0000000780300000,0x0000000780d00000)
  from space 1536K, 68% used [0x0000000780e80000,0x0000000780f85738,0x0000000781000000)
  to   space 1536K, 0% used [0x0000000780d00000,0x0000000780d00000,0x0000000780e80000)
 ParOldGen       total 195072K, used 2975K [0x0000000700800000, 0x000000070c680000, 0x0000000780300000)
  object space 195072K, 1% used [0x0000000700800000,0x0000000700ae7cc8,0x000000070c680000)
 Metaspace       used 11992K, capacity 12092K, committed 12288K, reserved 1060864K
  class space    used 1497K, capacity 1533K, committed 1536K, reserved 1048576K
}
Event: 4.319 GC heap before
{Heap before GC invocations=15 (full 0):
 PSYoungGen      total 11776K, used 11284K [0x0000000780300000, 0x0000000781000000, 0x00000007c0000000)
  eden space 10240K, 99% used [0x0000000780300000,0x0000000780cff8d8,0x0000000780d00000)
  from space 1536K, 68% used [0x0000000780e80000,0x0000000780f85738,0x0000000781000000)
  to   space 1536K, 0% used [0x0000000780d00000,0x0000000780d00000,0x0000000780e80000)
 ParOldGen       total 195072K, used 2975K [0x0000000700800000, 0x000000070c680000, 0x0000000780300000)
  object space 195072K, 1% used [0x0000000700800000,0x0000000700ae7cc8,0x000000070c680000)
 Metaspace       used 14914K, capacity 15066K, committed 15232K, reserved 1062912K
  class space    used 2005K, capacity 2050K, committed 2176K, reserved 1048576K
Event: 4.321 GC heap after
Heap after GC invocations=15 (full 0):
 PSYoungGen      total 11776K, used 1504K [0x0000000780300000, 0x0000000781800000, 0x00000007c0000000)
  eden space 10240K, 0% used [0x0000000780300000,0x0000000780300000,0x0000000780d00000)
  from space 1536K, 97% used [0x0000000780d00000,0x0000000780e78080,0x0000000780e80000)
  to   space 2560K, 0% used [0x0000000781580000,0x0000000781580000,0x0000000781800000)
 ParOldGen       total 195072K, used 5615K [0x0000000700800000, 0x000000070c680000, 0x0000000780300000)
  object space 195072K, 2% used [0x0000000700800000,0x0000000700d7bce8,0x000000070c680000)
 Metaspace       used 14914K, capacity 15066K, committed 15232K, reserved 1062912K
  class space    used 2005K, capacity 2050K, committed 2176K, reserved 1048576K
}
Event: 4.420 GC heap before
{Heap before GC invocations=16 (full 0):
 PSYoungGen      total 11776K, used 11744K [0x0000000780300000, 0x0000000781800000, 0x00000007c0000000)
  eden space 10240K, 100% used [0x0000000780300000,0x0000000780d00000,0x0000000780d00000)
  from space 1536K, 97% used [0x0000000780d00000,0x0000000780e78080,0x0000000780e80000)
  to   space 2560K, 0% used [0x0000000781580000,0x0000000781580000,0x0000000781800000)
 ParOldGen       total 195072K, used 5615K [0x0000000700800000, 0x000000070c680000, 0x0000000780300000)
  object space 195072K, 2% used [0x0000000700800000,0x0000000700d7bce8,0x000000070c680000)
 Metaspace       used 15725K, capacity 15840K, committed 16128K, reserved 1062912K
  class space    used 2128K, capacity 2179K, committed 2304K, reserved 1048576K
Event: 4.423 GC heap after
Heap after GC invocations=16 (full 0):
 PSYoungGen      total 18944K, used 783K [0x0000000780300000, 0x0000000781800000, 0x00000007c0000000)
  eden space 16384K, 0% used [0x0000000780300000,0x0000000780300000,0x0000000781300000)
  from space 2560K, 30% used [0x0000000781580000,0x0000000781643da0,0x0000000781800000)
  to   space 2560K, 0% used [0x0000000781300000,0x0000000781300000,0x0000000781580000)
 ParOldGen       total 195072K, used 18084K [0x0000000700800000, 0x000000070c680000, 0x0000000780300000)
  object space 195072K, 9% used [0x0000000700800000,0x00000007019a9358,0x000000070c680000)
 Metaspace       used 15725K, capacity 15840K, committed 16128K, reserved 1062912K
  class space    used 2128K, capacity 2179K, committed 2304K, reserved 1048576K
}

Deoptimization events (10 events):
Event: 1.815 Thread 0x000001824eb86000 Uncommon trap: reason=unloaded action=reinterpret pc=0x000001824ef62168 method=org.quickserver.net.server.QuickServer.startServer()V @ 809
Event: 3.940 Thread 0x000001826754a800 Uncommon trap: reason=unreached action=reinterpret pc=0x000001824ee7dff8 method=java.lang.AbstractStringBuilder.append(Ljava/lang/String;)Ljava/lang/AbstractStringBuilder; @ 1
Event: 3.941 Thread 0x000001826754a800 Uncommon trap: reason=unreached action=reinterpret pc=0x000001824ee6f9fc method=java.lang.AbstractStringBuilder.append(Ljava/lang/String;)Ljava/lang/AbstractStringBuilder; @ 1
Event: 4.303 Thread 0x0000018267048000 Uncommon trap: reason=bimorphic action=maybe_recompile pc=0x000001824efc9ca4 method=java.util.HashMap.putVal(ILjava/lang/Object;Ljava/lang/Object;ZZ)Ljava/lang/Object; @ 203
Event: 4.303 Thread 0x0000018267048000 Uncommon trap: reason=bimorphic action=maybe_recompile pc=0x000001824efc9ca4 method=java.util.HashMap.putVal(ILjava/lang/Object;Ljava/lang/Object;ZZ)Ljava/lang/Object; @ 203
Event: 4.303 Thread 0x0000018267048000 Uncommon trap: reason=bimorphic action=maybe_recompile pc=0x000001824efc9ca4 method=java.util.HashMap.putVal(ILjava/lang/Object;Ljava/lang/Object;ZZ)Ljava/lang/Object; @ 203
Event: 4.352 Thread 0x000001826754a800 Uncommon trap: reason=class_check action=maybe_recompile pc=0x000001824ee04874 method=java.lang.String.equals(Ljava/lang/Object;)Z @ 8
Event: 4.355 Thread 0x000001826754a800 Uncommon trap: reason=class_check action=maybe_recompile pc=0x000001824ee04874 method=java.lang.String.equals(Ljava/lang/Object;)Z @ 8
Event: 4.355 Thread 0x000001826754a800 Uncommon trap: reason=class_check action=maybe_recompile pc=0x000001824ee04874 method=java.lang.String.equals(Ljava/lang/Object;)Z @ 8
Event: 4.356 Thread 0x000001826754a800 Uncommon trap: reason=class_check action=maybe_recompile pc=0x000001824ee04874 method=java.lang.String.equals(Ljava/lang/Object;)Z @ 8

Internal exceptions (10 events):
Event: 4.525 Thread 0x0000018267621800 Exception <a 'java/security/PrivilegedActionException'> (0x000000078121e160) thrown at [D:\re\workspace\8-2-build-windows-amd64-cygwin\jdk8u5\2488\hotspot\src\share\vm\prims\jvm.cpp, line 1248]
Event: 4.528 Thread 0x000001826754a800 Exception <a 'java/security/PrivilegedActionException'> (0x00000007811d2c10) thrown at [D:\re\workspace\8-2-build-windows-amd64-cygwin\jdk8u5\2488\hotspot\src\share\vm\prims\jvm.cpp, line 1248]
Event: 4.529 Thread 0x000001826754a800 Exception <a 'java/security/PrivilegedActionException'> (0x0000000781233410) thrown at [D:\re\workspace\8-2-build-windows-amd64-cygwin\jdk8u5\2488\hotspot\src\share\vm\prims\jvm.cpp, line 1248]
Event: 4.530 Thread 0x000001826754a800 Exception <a 'java/security/PrivilegedActionException'> (0x000000078123e728) thrown at [D:\re\workspace\8-2-build-windows-amd64-cygwin\jdk8u5\2488\hotspot\src\share\vm\prims\jvm.cpp, line 1248]
Event: 4.530 Thread 0x000001826754a800 Exception <a 'java/security/PrivilegedActionException'> (0x00000007812550f0) thrown at [D:\re\workspace\8-2-build-windows-amd64-cygwin\jdk8u5\2488\hotspot\src\share\vm\prims\jvm.cpp, line 1248]
Event: 4.531 Thread 0x000001826754a800 Exception <a 'java/security/PrivilegedActionException'> (0x00000007812616a0) thrown at [D:\re\workspace\8-2-build-windows-amd64-cygwin\jdk8u5\2488\hotspot\src\share\vm\prims\jvm.cpp, line 1248]
Event: 4.532 Thread 0x000001826754a800 Exception <a 'java/security/PrivilegedActionException'> (0x0000000781273ab0) thrown at [D:\re\workspace\8-2-build-windows-amd64-cygwin\jdk8u5\2488\hotspot\src\share\vm\prims\jvm.cpp, line 1248]
Event: 4.547 Thread 0x000001826754a800 Exception <a 'java/security/PrivilegedActionException'> (0x00000007812929c8) thrown at [D:\re\workspace\8-2-build-windows-amd64-cygwin\jdk8u5\2488\hotspot\src\share\vm\prims\jvm.cpp, line 1248]
Event: 4.548 Thread 0x000001826754a800 Exception <a 'java/security/PrivilegedActionException'> (0x00000007812b0e20) thrown at [D:\re\workspace\8-2-build-windows-amd64-cygwin\jdk8u5\2488\hotspot\src\share\vm\prims\jvm.cpp, line 1248]
Event: 4.548 Thread 0x000001826754a800 Exception <a 'java/security/PrivilegedActionException'> (0x00000007812c1000) thrown at [D:\re\workspace\8-2-build-windows-amd64-cygwin\jdk8u5\2488\hotspot\src\share\vm\prims\jvm.cpp, line 1248]

Events (10 events):
Event: 4.546 loading class javax/swing/JTree$TreeModelHandler
Event: 4.546 loading class javax/swing/JTree$TreeModelHandler done
Event: 4.546 loading class javax/swing/tree/VariableHeightLayoutCache$TreeStateNode
Event: 4.546 loading class javax/swing/tree/VariableHeightLayoutCache$TreeStateNode done
Event: 4.547 loading class com/altera/systemconsole/gui/desktop/SystemFSTree$BridgeMouseListener
Event: 4.547 loading class com/altera/systemconsole/gui/desktop/SystemFSTree$BridgeMouseListener done
Event: 4.548 loading class com/altera/systemconsole/gui/desktop/SystemFSTree$RenderBridge
Event: 4.548 loading class com/altera/systemconsole/gui/desktop/SystemFSTree$RenderBridge done
Event: 4.548 loading class com/altera/systemconsole/gui/desktop/SystemFSTree$SelectionBridge
Event: 4.548 loading class com/altera/systemconsole/gui/desktop/SystemFSTree$SelectionBridge done


Dynamic libraries:
0x00007ff7271e0000 - 0x00007ff72721a000 	C:\altera\14.1\quartus\sopc_builder\bin\system-console.exe
0x00007ffed2fe0000 - 0x00007ffed31a1000 	C:\WINDOWS\SYSTEM32\ntdll.dll
0x00007ffed0650000 - 0x00007ffed06fd000 	C:\WINDOWS\system32\KERNEL32.DLL
0x00007ffed01f0000 - 0x00007ffed03d8000 	C:\WINDOWS\system32\KERNELBASE.dll
0x00007ffecddf0000 - 0x00007ffecde69000 	C:\WINDOWS\system32\apphelp.dll
0x00007ffed09f0000 - 0x00007ffed0a97000 	C:\WINDOWS\system32\ADVAPI32.dll
0x00007ffed0aa0000 - 0x00007ffed0b3d000 	C:\WINDOWS\system32\msvcrt.dll
0x00007ffed0fa0000 - 0x00007ffed0ffb000 	C:\WINDOWS\system32\sechost.dll
0x00007ffed0e10000 - 0x00007ffed0f2c000 	C:\WINDOWS\system32\RPCRT4.dll
0x00007ffed03e0000 - 0x00007ffed0536000 	C:\WINDOWS\system32\USER32.dll
0x00007ffed1470000 - 0x00007ffed15f6000 	C:\WINDOWS\system32\GDI32.dll
0x00007ffed1000000 - 0x00007ffed103b000 	C:\WINDOWS\system32\IMM32.DLL
0x000000005fc00000 - 0x000000006042a000 	C:\altera\14.1\quartus\bin64\jre64\bin\server\jvm.dll
0x00007ffed2f60000 - 0x00007ffed2f68000 	C:\WINDOWS\system32\PSAPI.DLL
0x00007ffec4930000 - 0x00007ffec4939000 	C:\WINDOWS\SYSTEM32\WSOCK32.dll
0x00007ffecd7f0000 - 0x00007ffecd813000 	C:\WINDOWS\SYSTEM32\WINMM.dll
0x00007ffed2f70000 - 0x00007ffed2fdb000 	C:\WINDOWS\system32\WS2_32.dll
0x0000000063810000 - 0x00000000638e2000 	C:\WINDOWS\SYSTEM32\MSVCR100.dll
0x000001824d270000 - 0x000001824d29c000 	C:\WINDOWS\SYSTEM32\WINMMBASE.dll
0x00007ffecfdf0000 - 0x00007ffecfe33000 	C:\WINDOWS\system32\cfgmgr32.dll
0x0000000062eb0000 - 0x0000000062ebf000 	C:\altera\14.1\quartus\bin64\jre64\bin\verify.dll
0x0000000062e80000 - 0x0000000062ea8000 	C:\altera\14.1\quartus\bin64\jre64\bin\java.dll
0x0000000062e60000 - 0x0000000062e76000 	C:\altera\14.1\quartus\bin64\jre64\bin\zip.dll
0x00007ffed16d0000 - 0x00007ffed2c2c000 	C:\WINDOWS\system32\SHELL32.dll
0x00007ffecf7a0000 - 0x00007ffecfde5000 	C:\WINDOWS\system32\windows.storage.dll
0x00007ffed0770000 - 0x00007ffed09ed000 	C:\WINDOWS\system32\combase.dll
0x00007ffecfe40000 - 0x00007ffecfeaa000 	C:\WINDOWS\system32\bcryptPrimitives.dll
0x00007ffed0700000 - 0x00007ffed0752000 	C:\WINDOWS\system32\shlwapi.dll
0x00007ffecf630000 - 0x00007ffecf63f000 	C:\WINDOWS\system32\kernel.appcore.dll
0x00007ffed0110000 - 0x00007ffed01c5000 	C:\WINDOWS\system32\shcore.dll
0x00007ffecf640000 - 0x00007ffecf68b000 	C:\WINDOWS\system32\powrprof.dll
0x00007ffecf600000 - 0x00007ffecf614000 	C:\WINDOWS\system32\profapi.dll
0x000000005fa30000 - 0x000000005fbc6000 	C:\altera\14.1\quartus\bin64\jre64\bin\awt.dll
0x00007ffed1600000 - 0x00007ffed16c1000 	C:\WINDOWS\system32\OLEAUT32.dll
0x00007ffecad90000 - 0x00007ffecae3a000 	C:\WINDOWS\WinSxS\amd64_microsoft.windows.common-controls_6595b64144ccf1df_5.82.10586.0_none_396e892957c7fb25\COMCTL32.dll
0x00007ffecded0000 - 0x00007ffecdf66000 	C:\WINDOWS\system32\uxtheme.dll
0x00007ffed0cb0000 - 0x00007ffed0e0a000 	C:\WINDOWS\system32\MSCTF.dll
0x00007ffebce10000 - 0x00007ffebce59000 	C:\Program Files (x86)\TeamViewer\tv_x64.dll
0x00007ffed0b40000 - 0x00007ffed0c83000 	C:\WINDOWS\system32\ole32.dll
0x00007ffecb9b0000 - 0x00007ffecb9ba000 	C:\WINDOWS\SYSTEM32\VERSION.dll
0x00007ffeccb70000 - 0x00007ffeccb92000 	C:\WINDOWS\system32\dwmapi.dll
0x0000000062e40000 - 0x0000000062e5a000 	C:\altera\14.1\quartus\bin64\jre64\bin\net.dll
0x00007ffecef30000 - 0x00007ffecef8c000 	C:\WINDOWS\system32\mswsock.dll
0x00007ffeccba0000 - 0x00007ffeccbd8000 	C:\WINDOWS\SYSTEM32\IPHLPAPI.DLL
0x00007ffed2da0000 - 0x00007ffed2da8000 	C:\WINDOWS\system32\NSI.dll
0x00007ffecbff0000 - 0x00007ffecc006000 	C:\WINDOWS\SYSTEM32\dhcpcsvc6.DLL
0x00007ffecbfd0000 - 0x00007ffecbfea000 	C:\WINDOWS\SYSTEM32\dhcpcsvc.DLL
0x00007ffeba7e0000 - 0x00007ffeba7e6000 	C:\altera\14.1\quartus\bin64\sld_utiljni.dll
0x00007ffec4840000 - 0x00007ffec492f000 	C:\WINDOWS\SYSTEM32\MSVCR120.dll
0x00007ffeba640000 - 0x00007ffeba672000 	C:\altera\14.1\quartus\bin64\jtag_client.dll
0x00007ffec4a40000 - 0x00007ffec4ae6000 	C:\WINDOWS\SYSTEM32\MSVCP120.dll
0x00007ffeba630000 - 0x00007ffeba639000 	C:\altera\14.1\quartus\bin64\jtag_atlantic.dll
0x00007ffeba610000 - 0x00007ffeba628000 	C:\altera\14.1\quartus\bin64\pgm_gdb.dll
0x00007ffeba600000 - 0x00007ffeba60f000 	C:\altera\14.1\quartus\bin64\sld_jtagjni.dll
0x00007ffebfc10000 - 0x00007ffebfe20000 	C:\WINDOWS\system32\d3d9.dll
0x00007ffeae9b0000 - 0x00007ffeaf9f9000 	C:\WINDOWS\SYSTEM32\nvd3dumx.dll
0x00007ffec6db0000 - 0x00007ffec6f79000 	C:\WINDOWS\system32\nvspcap64.dll
0x00007ffed1040000 - 0x00007ffed1469000 	C:\WINDOWS\system32\SETUPAPI.dll
0x00007ffecca90000 - 0x00007ffeccb58000 	C:\WINDOWS\SYSTEM32\WINHTTP.dll
0x00007ffeca8c0000 - 0x00007ffecac60000 	C:\WINDOWS\system32\nvapi64.dll
0x00007ffecc1d0000 - 0x00007ffecc272000 	C:\WINDOWS\SYSTEM32\dxgi.dll
0x00007ffecf310000 - 0x00007ffecf33d000 	C:\WINDOWS\SYSTEM32\SspiCli.dll
0x00007ffec6bf0000 - 0x00007ffec6cd1000 	C:\Program Files (x86)\NVIDIA Corporation\3D Vision\nvSCPAPI64.dll
0x000000005f850000 - 0x000000005f897000 	C:\altera\14.1\quartus\bin64\jre64\bin\fontmanager.dll
0x0000000062e20000 - 0x0000000062e31000 	C:\altera\14.1\quartus\bin64\jre64\bin\nio.dll
0x00007ffecefe0000 - 0x00007ffeceff7000 	C:\WINDOWS\SYSTEM32\CRYPTSP.dll
0x00007ffecec70000 - 0x00007ffececa4000 	C:\WINDOWS\system32\rsaenh.dll
0x00007ffecf200000 - 0x00007ffecf229000 	C:\WINDOWS\SYSTEM32\bcrypt.dll
0x00007ffecedc0000 - 0x00007ffeceddf000 	C:\WINDOWS\SYSTEM32\USERENV.dll
0x00007ffecf100000 - 0x00007ffecf10b000 	C:\WINDOWS\SYSTEM32\CRYPTBASE.dll
0x000000005f840000 - 0x000000005f847000 	C:\altera\14.1\quartus\bin64\jre64\bin\jawt.dll
0x000000005f7f0000 - 0x000000005f831000 	C:\altera\14.1\quartus\bin64\jre64\bin\t2k.dll
0x00007ffed0540000 - 0x00007ffed05e7000 	C:\WINDOWS\system32\clbcatq.dll
0x00007ffecb690000 - 0x00007ffecb904000 	C:\WINDOWS\WinSxS\amd64_microsoft.windows.common-controls_6595b64144ccf1df_6.0.10586.0_none_8c15ae12515e1c22\comctl32.dll
0x00007ffec8970000 - 0x00007ffec8b21000 	C:\WINDOWS\SYSTEM32\WindowsCodecs.dll
0x00007ffebcb50000 - 0x00007ffebcb9a000 	C:\WINDOWS\system32\dataexchange.dll
0x00007ffecda10000 - 0x00007ffecdaf3000 	C:\WINDOWS\system32\dcomp.dll
0x00007ffecc320000 - 0x00007ffecc5c8000 	C:\WINDOWS\system32\d3d11.dll
0x00007ffece120000 - 0x00007ffece220000 	C:\WINDOWS\system32\twinapi.appcore.dll
0x00007ffec1d00000 - 0x00007ffec1d16000 	C:\WINDOWS\system32\napinsp.dll
0x00007ffec1ce0000 - 0x00007ffec1cfa000 	C:\WINDOWS\system32\pnrpnsp.dll
0x00007ffecb0f0000 - 0x00007ffecb108000 	C:\WINDOWS\system32\NLAapi.dll
0x00007ffece070000 - 0x00007ffece11a000 	C:\WINDOWS\SYSTEM32\DNSAPI.dll
0x00007ffec44b0000 - 0x00007ffec44bd000 	C:\WINDOWS\System32\winrnr.dll
0x0000000063560000 - 0x0000000063569000 	C:\Program Files\National Instruments\Shared\mDNS Responder\nimdnsNSP.dll
0x0000000063550000 - 0x000000006355e000 	C:\WINDOWS\SYSTEM32\nimdnsResponder.dll
0x0000000063b60000 - 0x0000000063c03000 	C:\WINDOWS\WinSxS\amd64_microsoft.vc90.crt_1fc8b3b9a1e18e3b_9.0.30729.9177_none_08e695a3a83b6ce3\MSVCR90.dll
0x0000000063990000 - 0x00000000639b6000 	C:\Program Files\Bonjour\mdnsNSP.dll
0x00007ffec9560000 - 0x00007ffec956a000 	C:\Windows\System32\rasadhlp.dll
0x00007ffecbdc0000 - 0x00007ffecbe27000 	C:\WINDOWS\System32\fwpuclnt.dll
0x000000005f8a0000 - 0x000000005fa27000 	C:\altera\14.1\quartus\bin64\tcl86.dll
0x00007ffed01d0000 - 0x00007ffed01e7000 	C:\WINDOWS\system32\NETAPI32.dll
0x00007ffecea70000 - 0x00007ffecea7c000 	C:\WINDOWS\SYSTEM32\NETUTILS.DLL
0x00007ffec98e0000 - 0x00007ffec98f9000 	C:\WINDOWS\SYSTEM32\SAMCLI.DLL
0x00007ffeca500000 - 0x00007ffeca53e000 	C:\WINDOWS\SYSTEM32\LOGONCLI.DLL
0x00007ffeb4e70000 - 0x00007ffeb4e79000 	C:\altera\14.1\quartus\bin64\tcl_jni_bridge.dll
0x00007ffeca130000 - 0x00007ffeca2bc000 	C:\WINDOWS\SYSTEM32\dbghelp.dll

VM Arguments:
java_command: <unknown>
java_class_path (initial): C:/altera/14.1/quartus/sopc_builder/model/lib\Nlview.jar;C:/altera/14.1/quartus/sopc_builder/model/lib\QuickServer.jar;C:/altera/14.1/quartus/sopc_builder/model/lib\TableLayout.jar;C:/altera/14.1/quartus/sopc_builder/model/lib\appframework-1.03.jar;C:/altera/14.1/quartus/sopc_builder/model/lib\asm-3.1.jar;C:/altera/14.1/quartus/sopc_builder/model/lib\asm-commons-3.1.jar;C:/altera/14.1/quartus/sopc_builder/model/lib\basicmodel.jar;C:/altera/14.1/quartus/sopc_builder/model/lib\beansbinding-1.2.1.jar;C:/altera/14.1/quartus/sopc_builder/model/lib\binding-2.0.6.jar;C:/altera/14.1/quartus/sopc_builder/model/lib\com.altera.componenteditor2.jar;C:/altera/14.1/quartus/sopc_builder/model/lib\com.altera.embeddedsw.app_lib.jar;C:/altera/14.1/quartus/sopc_builder/model/lib\com.altera.embeddedsw.bsp.editor.jar;C:/altera/14.1/quartus/sopc_builder/model/lib\com.altera.embeddedsw.bsp.elements.jar;C:/altera/14.1/quartus/sopc_builder/model/lib\com.altera.embeddedsw.bsp.jar;C:/altera/14.1/quartus/sopc_builder/model/lib\com.altera.embeddedsw.bsp.plugin.core.jar;C:/altera/14.1/quartus/sopc_builder/model/lib\com.altera.embeddedsw.bsp.plugin.hal.jar;C:/altera/14.1/quartus/sopc_builder/model/lib\com.altera.embeddedsw.bsp.plugin.lwhal.jar;C:/altera/14.1/quartus/sopc_builder/model/lib\com.altera.embeddedsw.bsp.schema.jar;C:/altera/14.1/quartus/sopc_builder/model/lib\com.altera.embeddedsw.bsp.scripting.jar;C:/altera/14.1/quartus/sopc_builder/model/lib\com.altera.embeddedsw.commandline.jar;C:/altera/14.1/quartus/sopc_builder/model/lib\com.altera.embeddedsw.cpexample.jar;C:/altera/14.1/quartus/sopc_builder/model/lib\com.altera.embeddedsw.flash.jar;C:/altera/14.1/quartus/sopc_builder/model/lib\com.altera.embeddedsw.launch.jar;C:/altera/14.1/quartus/sopc_builder/model/lib\com.altera.embeddedsw.swinfo.jar;C:/altera/14.1/quartus/sopc_builder/model/lib\com.altera.embeddedsw.utilities.jar;C:/altera/14.1/quartus/sopc_builder/model/lib\com.altera.entityinterfaces.jar;C:/alte
Launcher Type: generic

Environment Variables:
USERNAME=Alex
OS=Windows_NT
PROCESSOR_IDENTIFIER=Intel64 Family 6 Model 58 Stepping 9, GenuineIntel



---------------  S Y S T E M  ---------------

OS: Windows 8 , 64 bit Build 9200 

CPU:total 4 (4 cores per cpu, 1 threads per core) family 6 model 58 stepping 9, cmov, cx8, fxsr, mmx, sse, sse2, sse3, ssse3, sse4.1, sse4.2, popcnt, avx, aes, clmul, erms, tsc, tscinvbit

Memory: 4k page, physical 12542356k(5048300k free), swap 16998804k(4900708k free)

vm_info: Java HotSpot(TM) 64-Bit Server VM (25.5-b02) for windows-amd64 JRE (1.8.0_05-b13), built on Mar 18 2014 01:08:39 by "java_re" with MS VC++ 10.0 (VS2010)

time: Mon Feb 15 20:17:06 2016
elapsed time: 4 seconds

