#
# A fatal error has been detected by the Java Runtime Environment:
#
#  EXCEPTION_ACCESS_VIOLATION (0xc0000005) at pc=0x00007ffeb4c81a86, pid=30620, tid=28792
#
# JRE version: Java(TM) SE Runtime Environment (8.0_05-b13) (build 1.8.0_05-b13)
# Java VM: Java HotSpot(TM) 64-Bit Server VM (25.5-b02 mixed mode windows-amd64 compressed oops)
# Problematic frame:
# C  [tcl_jni_bridge.dll+0x1a86]
#
# Failed to write core dump. Minidumps are not enabled by default on client versions of Windows
#
# If you would like to submit a bug report, please visit:
#   http://bugreport.sun.com/bugreport/crash.jsp
# The crash happened outside the Java Virtual Machine in native code.
# See problematic frame for where to report the bug.
#

---------------  T H R E A D  ---------------

Current thread (0x000001cd7df64800):  JavaThread "Tcl Event Queue (id 1: /127.0.0.1.51298)" [_thread_in_native, id=28792, stack(0x000000591fb00000,0x000000591fc00000)]

siginfo: ExceptionCode=0xc0000005, writing address 0x0000000078b37bf0

Registers:
RAX=0x0000000078b37bf0, RBX=0x0000000078b37bf0, RCX=0x000001cd7df649e0, RDX=0x000000591fbff270
RSP=0x000000591fbff180, RBP=0x0000000000000002, RSI=0x000000591fbff270, RDI=0x000001cd7df649e0
R8 =0x0000000000000042, R9 =0x000000078055d5d8, R10=0x0000000000000028, R11=0x00000000603a9230
R12=0x0000000000000000, R13=0x000001cd16545020, R14=0x000000591fbff268, R15=0x000001cd7df64800
RIP=0x00007ffeb4c81a86, EFLAGS=0x0000000000010206

Top of Stack: (sp=0x000000591fbff180)
0x000000591fbff180:   000001cd7723c000 000001cd0001610f
0x000000591fbff190:   000001cd7de70e00 000001cd7df64800
0x000000591fbff1a0:   000000591fbff270 000001cd7723c000
0x000000591fbff1b0:   0000000003c02aeb 000001cd00016295
0x000000591fbff1c0:   000001cd7723c000 000001cd16545020
0x000000591fbff1d0:   000000591fbff240 000001cd16545020
0x000000591fbff1e0:   0000000003c02aeb 000001cd7df64800
0x000000591fbff1f0:   000000591fbff318 000001cd00015f7c
0x000000591fbff200:   000000591fbff200 000001cd16545020
0x000000591fbff210:   000000591fbff270 000001cd165469c0
0x000000591fbff220:   0000000000000000 000001cd16545020
0x000000591fbff230:   0000000000000000 000000591fbff260
0x000000591fbff240:   000000591fbff2c8 000001cd00007380
0x000000591fbff250:   0000000000000000 000001cd0000f998
0x000000591fbff260:   0000000000000002 0000000781040998
0x000000591fbff270:   000000078055d5d8 0000000000000001 

Instructions: (pc=0x00007ffeb4c81a86)
0x00007ffeb4c81a66:   8b f0 4c 8b 05 79 46 00 00 41 8b e9 48 8b f2 48
0x00007ffeb4c81a76:   8b f9 ff 90 28 03 00 00 48 8b d8 48 85 c0 74 09
0x00007ffeb4c81a86:   48 89 38 48 89 70 08 eb 08 48 8b cf e8 39 05 00
0x00007ffeb4c81a96:   00 48 8b 07 48 8b d6 48 8b cf ff 90 f8 00 00 00 


Register to memory mapping:

RAX=0x0000000078b37bf0 is an unknown value
RBX=0x0000000078b37bf0 is an unknown value
RCX=0x000001cd7df649e0 is an unknown value
RDX=0x000000591fbff270 is pointing into the stack for thread: 0x000001cd7df64800
RSP=0x000000591fbff180 is pointing into the stack for thread: 0x000001cd7df64800
RBP=0x0000000000000002 is an unknown value
RSI=0x000000591fbff270 is pointing into the stack for thread: 0x000001cd7df64800
RDI=0x000001cd7df649e0 is an unknown value
R8 =0x0000000000000042 is an unknown value
R9 =0x000000078055d5d8 is an oop
com.altera.tcl.interpreter.NativeTclWrapper 
 - klass: 'com/altera/tcl/interpreter/NativeTclWrapper'
R10=0x0000000000000028 is an unknown value
R11=0x00000000603a9230 is an unknown value
R12=0x0000000000000000 is an unknown value
R13=0x000001cd16545020 is an unknown value
R14=0x000000591fbff268 is pointing into the stack for thread: 0x000001cd7df64800
R15=0x000001cd7df64800 is a thread


Stack: [0x000000591fb00000,0x000000591fc00000],  sp=0x000000591fbff180,  free space=1020k
Native frames: (J=compiled Java code, j=interpreted, Vv=VM code, C=native code)
C  [tcl_jni_bridge.dll+0x1a86]
C  0x000001cd00016295

Java frames: (J=compiled Java code, j=interpreted, Vv=VM code)
j  com.altera.tcl.interpreter.NativeTclWrapper.setupTclOutputChannel0(Ljava/lang/String;I)V+0
j  com.altera.tcl.interpreter.NativeTclWrapper.<init>(Lcom/altera/tcl/interpreter/NativeTCLInterpreter;)V+134
j  com.altera.tcl.interpreter.NativeTCLInterpreter.sanityCheck()V+18
j  com.altera.tcl.interpreter.NativeTCLInterpreter.setScalarVariable(Ljava/lang/String;Ljava/lang/String;)Z+1
j  com.altera.tcl.interpreter.InterpreterInstantiator.createTclInterpreter(Ljava/util/List;Z)V+58
j  com.altera.tcl.interpreter.InterpreterInstantiator.access$000(Lcom/altera/tcl/interpreter/InterpreterInstantiator;Ljava/util/List;Z)V+3
j  com.altera.tcl.interpreter.InterpreterInstantiator$1.run()V+16
j  java.lang.Thread.run()V+11
v  ~StubRoutines::call_stub

---------------  P R O C E S S  ---------------

Java Threads: ( => current thread )
=>0x000001cd7df64800 JavaThread "Tcl Event Queue (id 1: /127.0.0.1.51298)" [_thread_in_native, id=28792, stack(0x000000591fb00000,0x000000591fc00000)]
  0x000001cd1557f800 JavaThread "USB Cable scanner" [_thread_blocked, id=30964, stack(0x000000591fa00000,0x000000591fb00000)]
  0x000001cd7de7f000 JavaThread "Timer-0" daemon [_thread_blocked, id=6092, stack(0x000000591f900000,0x000000591fa00000)]
  0x000001cd7de6f000 JavaThread "JTAG scanner" [_thread_in_native, id=30056, stack(0x000000591f800000,0x000000591f900000)]
  0x000001cd7dc18000 JavaThread "<ClientThread-Pool#1-ID:1>" [_thread_blocked, id=30160, stack(0x000000591f500000,0x000000591f600000)]
  0x000001cd7dc13800 JavaThread "QuickServer - System Console RPC" [_thread_in_native, id=25596, stack(0x000000591f400000,0x000000591f500000)]
  0x000001cd7da1f800 JavaThread "AWT-Windows" daemon [_thread_in_native, id=27316, stack(0x000000591f200000,0x000000591f300000)]
  0x000001cd7da1f000 JavaThread "AWT-Shutdown" [_thread_blocked, id=31528, stack(0x000000591f100000,0x000000591f200000)]
  0x000001cd7da1e000 JavaThread "Java2D Disposer" daemon [_thread_blocked, id=33744, stack(0x000000591f000000,0x000000591f100000)]
  0x000001cd7d7f3800 JavaThread "SystemConsoleEventThread Event Queue" [_thread_blocked, id=31236, stack(0x000000591ef00000,0x000000591f000000)]
  0x000001cd7d45b800 JavaThread "Service Thread" daemon [_thread_blocked, id=30328, stack(0x000000591ed00000,0x000000591ee00000)]
  0x000001cd7c3f1000 JavaThread "C1 CompilerThread2" daemon [_thread_blocked, id=31452, stack(0x000000591ec00000,0x000000591ed00000)]
  0x000001cd7c3f0000 JavaThread "C2 CompilerThread1" daemon [_thread_blocked, id=32880, stack(0x000000591eb00000,0x000000591ec00000)]
  0x000001cd7c3ea000 JavaThread "C2 CompilerThread0" daemon [_thread_blocked, id=30404, stack(0x000000591ea00000,0x000000591eb00000)]
  0x000001cd7c3e9000 JavaThread "Attach Listener" daemon [_thread_blocked, id=26848, stack(0x000000591e900000,0x000000591ea00000)]
  0x000001cd7c3e7800 JavaThread "Signal Dispatcher" daemon [_thread_blocked, id=30504, stack(0x000000591e800000,0x000000591e900000)]
  0x000001cd7a609000 JavaThread "Finalizer" daemon [_thread_blocked, id=28932, stack(0x000000591e700000,0x000000591e800000)]
  0x000001cd7a602800 JavaThread "Reference Handler" daemon [_thread_blocked, id=28380, stack(0x000000591e600000,0x000000591e700000)]
  0x000001cd7a517000 JavaThread "main" [_thread_blocked, id=29824, stack(0x000000591da50000,0x000000591db50000)]

Other Threads:
  0x000001cd7c3a6000 VMThread [stack: 0x000000591e500000,0x000000591e600000] [id=26824]
  0x000001cd7d463000 WatcherThread [stack: 0x000000591ee00000,0x000000591ef00000] [id=29620]

VM state:not at safepoint (normal execution)

VM Mutex/Monitor currently owned by a thread: None

Heap:
 PSYoungGen      total 15360K, used 3682K [0x0000000780300000, 0x0000000781c00000, 0x00000007c0000000)
  eden space 13312K, 18% used [0x0000000780300000,0x0000000780568418,0x0000000781000000)
  from space 2048K, 59% used [0x0000000781000000,0x00000007811307b0,0x0000000781200000)
  to   space 2048K, 0% used [0x0000000781a00000,0x0000000781a00000,0x0000000781c00000)
 ParOldGen       total 195072K, used 3390K [0x0000000700800000, 0x000000070c680000, 0x0000000780300000)
  object space 195072K, 1% used [0x0000000700800000,0x0000000700b4fa40,0x000000070c680000)
 Metaspace       used 12440K, capacity 12578K, committed 12672K, reserved 1060864K
  class space    used 1580K, capacity 1630K, committed 1664K, reserved 1048576K

Card table byte_map: [0x000001cd7aa40000,0x000001cd7b040000] byte_map_base: 0x000001cd7723c000

Marking Bits: (ParMarkBitMap*) 0x00000000603b13b0
 Begin Bits: [0x000001cd0f000000, 0x000001cd11fe0000)
 End Bits:   [0x000001cd11fe0000, 0x000001cd14fc0000)

Polling page: 0x000001cd78ce0000

CodeCache: size=245760Kb used=3709Kb max_used=3714Kb free=242050Kb
 bounds [0x000001cd00000000, 0x000001cd003b0000, 0x000001cd0f000000]
 total_blobs=1355 nmethods=932 adapters=337
 compilation: enabled

Compilation events (10 events):
Event: 0.796 Thread 0x000001cd7c3f1000 nmethod 928 0x000001cd00399cd0 code [0x000001cd00399e40, 0x000001cd0039a158]
Event: 0.796 Thread 0x000001cd7c3f1000  929       3       tcl.lang.TclParse::releaseToken (47 bytes)
Event: 0.796 Thread 0x000001cd7c3ea000 nmethod 927 0x000001cd003a2310 code [0x000001cd003a2440, 0x000001cd003a24d8]
Event: 0.796 Thread 0x000001cd7c3f1000 nmethod 929 0x000001cd003a1d10 code [0x000001cd003a1e80, 0x000001cd003a21b8]
Event: 0.797 Thread 0x000001cd7c3f1000  930       3       tcl.lang.TclObject::preserve (29 bytes)
Event: 0.797 Thread 0x000001cd7c3f1000 nmethod 930 0x000001cd003a1410 code [0x000001cd003a15c0, 0x000001cd003a1b80]
Event: 0.797 Thread 0x000001cd7c3f1000  931       3       tcl.lang.TclObject::_preserve (11 bytes)
Event: 0.797 Thread 0x000001cd7c3f1000 nmethod 931 0x000001cd003a10d0 code [0x000001cd003a1220, 0x000001cd003a1378]
Event: 0.798 Thread 0x000001cd7c3f1000  932       3       java.util.regex.Pattern$Dot::isSatisfiedBy (34 bytes)
Event: 0.798 Thread 0x000001cd7c3f1000 nmethod 932 0x000001cd003a0c50 code [0x000001cd003a0dc0, 0x000001cd003a1038]

GC Heap History (10 events):
Event: 0.211 GC heap before
{Heap before GC invocations=7 (full 0):
 PSYoungGen      total 5120K, used 4873K [0x0000000780300000, 0x0000000780900000, 0x00000007c0000000)
  eden space 4096K, 100% used [0x0000000780300000,0x0000000780700000,0x0000000780700000)
  from space 1024K, 75% used [0x0000000780800000,0x00000007808c2530,0x0000000780900000)
  to   space 1024K, 0% used [0x0000000780700000,0x0000000780700000,0x0000000780800000)
 ParOldGen       total 195072K, used 908K [0x0000000700800000, 0x000000070c680000, 0x0000000780300000)
  object space 195072K, 0% used [0x0000000700800000,0x00000007008e3368,0x000000070c680000)
 Metaspace       used 4499K, capacity 5114K, committed 5248K, reserved 1056768K
  class space    used 529K, capacity 561K, committed 640K, reserved 1048576K
Event: 0.212 GC heap after
Heap after GC invocations=7 (full 0):
 PSYoungGen      total 5120K, used 915K [0x0000000780300000, 0x0000000780e00000, 0x00000007c0000000)
  eden space 4096K, 0% used [0x0000000780300000,0x0000000780300000,0x0000000780700000)
  from space 1024K, 89% used [0x0000000780700000,0x00000007807e4f20,0x0000000780800000)
  to   space 1536K, 0% used [0x0000000780c80000,0x0000000780c80000,0x0000000780e00000)
 ParOldGen       total 195072K, used 1073K [0x0000000700800000, 0x000000070c680000, 0x0000000780300000)
  object space 195072K, 0% used [0x0000000700800000,0x000000070090c460,0x000000070c680000)
 Metaspace       used 4499K, capacity 5114K, committed 5248K, reserved 1056768K
  class space    used 529K, capacity 561K, committed 640K, reserved 1048576K
}
Event: 0.309 GC heap before
{Heap before GC invocations=8 (full 0):
 PSYoungGen      total 5120K, used 5011K [0x0000000780300000, 0x0000000780e00000, 0x00000007c0000000)
  eden space 4096K, 100% used [0x0000000780300000,0x0000000780700000,0x0000000780700000)
  from space 1024K, 89% used [0x0000000780700000,0x00000007807e4f20,0x0000000780800000)
  to   space 1536K, 0% used [0x0000000780c80000,0x0000000780c80000,0x0000000780e00000)
 ParOldGen       total 195072K, used 1073K [0x0000000700800000, 0x000000070c680000, 0x0000000780300000)
  object space 195072K, 0% used [0x0000000700800000,0x000000070090c460,0x000000070c680000)
 Metaspace       used 8121K, capacity 8182K, committed 8192K, reserved 1056768K
  class space    used 996K, capacity 1019K, committed 1024K, reserved 1048576K
Event: 0.310 GC heap after
Heap after GC invocations=8 (full 0):
 PSYoungGen      total 9728K, used 1387K [0x0000000780300000, 0x0000000780e00000, 0x00000007c0000000)
  eden space 8192K, 0% used [0x0000000780300000,0x0000000780300000,0x0000000780b00000)
  from space 1536K, 90% used [0x0000000780c80000,0x0000000780ddaef8,0x0000000780e00000)
  to   space 1536K, 0% used [0x0000000780b00000,0x0000000780b00000,0x0000000780c80000)
 ParOldGen       total 195072K, used 1361K [0x0000000700800000, 0x000000070c680000, 0x0000000780300000)
  object space 195072K, 0% used [0x0000000700800000,0x0000000700954460,0x000000070c680000)
 Metaspace       used 8121K, capacity 8182K, committed 8192K, reserved 1056768K
  class space    used 996K, capacity 1019K, committed 1024K, reserved 1048576K
}
Event: 0.382 GC heap before
{Heap before GC invocations=9 (full 0):
 PSYoungGen      total 9728K, used 9579K [0x0000000780300000, 0x0000000780e00000, 0x00000007c0000000)
  eden space 8192K, 100% used [0x0000000780300000,0x0000000780b00000,0x0000000780b00000)
  from space 1536K, 90% used [0x0000000780c80000,0x0000000780ddaef8,0x0000000780e00000)
  to   space 1536K, 0% used [0x0000000780b00000,0x0000000780b00000,0x0000000780c80000)
 ParOldGen       total 195072K, used 1361K [0x0000000700800000, 0x000000070c680000, 0x0000000780300000)
  object space 195072K, 0% used [0x0000000700800000,0x0000000700954460,0x000000070c680000)
 Metaspace       used 9209K, capacity 9302K, committed 9472K, reserved 1056768K
  class space    used 1139K, capacity 1179K, committed 1280K, reserved 1048576K
Event: 0.384 GC heap after
Heap after GC invocations=9 (full 0):
 PSYoungGen      total 9728K, used 1504K [0x0000000780300000, 0x0000000781400000, 0x00000007c0000000)
  eden space 8192K, 0% used [0x0000000780300000,0x0000000780300000,0x0000000780b00000)
  from space 1536K, 97% used [0x0000000780b00000,0x0000000780c78020,0x0000000780c80000)
  to   space 2048K, 0% used [0x0000000781200000,0x0000000781200000,0x0000000781400000)
 ParOldGen       total 195072K, used 1867K [0x0000000700800000, 0x000000070c680000, 0x0000000780300000)
  object space 195072K, 0% used [0x0000000700800000,0x00000007009d2d30,0x000000070c680000)
 Metaspace       used 9209K, capacity 9302K, committed 9472K, reserved 1056768K
  class space    used 1139K, capacity 1179K, committed 1280K, reserved 1048576K
}
Event: 0.569 GC heap before
{Heap before GC invocations=10 (full 0):
 PSYoungGen      total 9728K, used 9696K [0x0000000780300000, 0x0000000781400000, 0x00000007c0000000)
  eden space 8192K, 100% used [0x0000000780300000,0x0000000780b00000,0x0000000780b00000)
  from space 1536K, 97% used [0x0000000780b00000,0x0000000780c78020,0x0000000780c80000)
  to   space 2048K, 0% used [0x0000000781200000,0x0000000781200000,0x0000000781400000)
 ParOldGen       total 195072K, used 1867K [0x0000000700800000, 0x000000070c680000, 0x0000000780300000)
  object space 195072K, 0% used [0x0000000700800000,0x00000007009d2d30,0x000000070c680000)
 Metaspace       used 10134K, capacity 10262K, committed 10368K, reserved 1058816K
  class space    used 1260K, capacity 1307K, committed 1408K, reserved 1048576K
Event: 0.571 GC heap after
Heap after GC invocations=10 (full 0):
 PSYoungGen      total 15360K, used 1205K [0x0000000780300000, 0x0000000781400000, 0x00000007c0000000)
  eden space 13312K, 0% used [0x0000000780300000,0x0000000780300000,0x0000000781000000)
  from space 2048K, 58% used [0x0000000781200000,0x000000078132d550,0x0000000781400000)
  to   space 2048K, 0% used [0x0000000781000000,0x0000000781000000,0x0000000781200000)
 ParOldGen       total 195072K, used 2753K [0x0000000700800000, 0x000000070c680000, 0x0000000780300000)
  object space 195072K, 1% used [0x0000000700800000,0x0000000700ab06a8,0x000000070c680000)
 Metaspace       used 10134K, capacity 10262K, committed 10368K, reserved 1058816K
  class space    used 1260K, capacity 1307K, committed 1408K, reserved 1048576K
}
Event: 0.770 GC heap before
{Heap before GC invocations=11 (full 0):
 PSYoungGen      total 15360K, used 14517K [0x0000000780300000, 0x0000000781400000, 0x00000007c0000000)
  eden space 13312K, 100% used [0x0000000780300000,0x0000000781000000,0x0000000781000000)
  from space 2048K, 58% used [0x0000000781200000,0x000000078132d550,0x0000000781400000)
  to   space 2048K, 0% used [0x0000000781000000,0x0000000781000000,0x0000000781200000)
 ParOldGen       total 195072K, used 2753K [0x0000000700800000, 0x000000070c680000, 0x0000000780300000)
  object space 195072K, 1% used [0x0000000700800000,0x0000000700ab06a8,0x000000070c680000)
 Metaspace       used 12064K, capacity 12194K, committed 12416K, reserved 1060864K
  class space    used 1540K, capacity 1566K, committed 1664K, reserved 1048576K
Event: 0.772 GC heap after
Heap after GC invocations=11 (full 0):
 PSYoungGen      total 15360K, used 1217K [0x0000000780300000, 0x0000000781c00000, 0x00000007c0000000)
  eden space 13312K, 0% used [0x0000000780300000,0x0000000780300000,0x0000000781000000)
  from space 2048K, 59% used [0x0000000781000000,0x00000007811307b0,0x0000000781200000)
  to   space 2048K, 0% used [0x0000000781a00000,0x0000000781a00000,0x0000000781c00000)
 ParOldGen       total 195072K, used 3390K [0x0000000700800000, 0x000000070c680000, 0x0000000780300000)
  object space 195072K, 1% used [0x0000000700800000,0x0000000700b4fa40,0x000000070c680000)
 Metaspace       used 12064K, capacity 12194K, committed 12416K, reserved 1060864K
  class space    used 1540K, capacity 1566K, committed 1664K, reserved 1048576K
}

Deoptimization events (7 events):
Event: 0.204 Thread 0x000001cd7a517000 Uncommon trap: reason=unreached action=reinterpret pc=0x000001cd001d2c9c method=sun.misc.URLClassPath$JarLoader.getResource(Ljava/lang/String;Z)Lsun/misc/Resource; @ 62
Event: 0.204 Thread 0x000001cd7a517000 Uncommon trap: reason=class_check action=maybe_recompile pc=0x000001cd001c5854 method=sun.misc.URLClassPath.getLoader(I)Lsun/misc/URLClassPath$Loader; @ 94
Event: 0.205 Thread 0x000001cd7a517000 Uncommon trap: reason=class_check action=maybe_recompile pc=0x000001cd001c5904 method=sun.misc.URLClassPath.getLoader(I)Lsun/misc/URLClassPath$Loader; @ 150
Event: 0.205 Thread 0x000001cd7a517000 Uncommon trap: reason=class_check action=maybe_recompile pc=0x000001cd001c5904 method=sun.misc.URLClassPath.getLoader(I)Lsun/misc/URLClassPath$Loader; @ 150
Event: 0.205 Thread 0x000001cd7a517000 Uncommon trap: reason=class_check action=maybe_recompile pc=0x000001cd001c5904 method=sun.misc.URLClassPath.getLoader(I)Lsun/misc/URLClassPath$Loader; @ 150
Event: 0.315 Thread 0x000001cd7a517000 Uncommon trap: reason=unreached action=reinterpret pc=0x000001cd0026da34 method=java.util.HashMap.hash(Ljava/lang/Object;)I @ 1
Event: 0.408 Thread 0x000001cd7a517000 Uncommon trap: reason=unloaded action=reinterpret pc=0x000001cd002faee8 method=org.quickserver.net.server.QuickServer.startServer()V @ 809

Internal exceptions (10 events):
Event: 0.792 Thread 0x000001cd7df64800 Exception <a 'java/security/PrivilegedActionException'> (0x00000007804e4ed8) thrown at [D:\re\workspace\8-2-build-windows-amd64-cygwin\jdk8u5\2488\hotspot\src\share\vm\prims\jvm.cpp, line 1248]
Event: 0.792 Thread 0x000001cd7df64800 Exception <a 'java/security/PrivilegedActionException'> (0x00000007804e9e98) thrown at [D:\re\workspace\8-2-build-windows-amd64-cygwin\jdk8u5\2488\hotspot\src\share\vm\prims\jvm.cpp, line 1248]
Event: 0.793 Thread 0x000001cd7df64800 Exception <a 'java/security/PrivilegedActionException'> (0x00000007804f23c8) thrown at [D:\re\workspace\8-2-build-windows-amd64-cygwin\jdk8u5\2488\hotspot\src\share\vm\prims\jvm.cpp, line 1248]
Event: 0.793 Thread 0x000001cd7df64800 Exception <a 'java/security/PrivilegedActionException'> (0x00000007804f6dc0) thrown at [D:\re\workspace\8-2-build-windows-amd64-cygwin\jdk8u5\2488\hotspot\src\share\vm\prims\jvm.cpp, line 1248]
Event: 0.793 Thread 0x000001cd7df64800 Exception <a 'java/security/PrivilegedActionException'> (0x00000007804fc698) thrown at [D:\re\workspace\8-2-build-windows-amd64-cygwin\jdk8u5\2488\hotspot\src\share\vm\prims\jvm.cpp, line 1248]
Event: 0.794 Thread 0x000001cd7df64800 Exception <a 'java/security/PrivilegedActionException'> (0x0000000780506b70) thrown at [D:\re\workspace\8-2-build-windows-amd64-cygwin\jdk8u5\2488\hotspot\src\share\vm\prims\jvm.cpp, line 1248]
Event: 0.794 Thread 0x000001cd7df64800 Exception <a 'java/security/PrivilegedActionException'> (0x000000078050c330) thrown at [D:\re\workspace\8-2-build-windows-amd64-cygwin\jdk8u5\2488\hotspot\src\share\vm\prims\jvm.cpp, line 1248]
Event: 0.795 Thread 0x000001cd7df64800 Exception <a 'java/security/PrivilegedActionException'> (0x0000000780527cf8) thrown at [D:\re\workspace\8-2-build-windows-amd64-cygwin\jdk8u5\2488\hotspot\src\share\vm\prims\jvm.cpp, line 1248]
Event: 0.797 Thread 0x000001cd7df64800 Exception <a 'java/security/PrivilegedActionException'> (0x000000078054a588) thrown at [D:\re\workspace\8-2-build-windows-amd64-cygwin\jdk8u5\2488\hotspot\src\share\vm\prims\jvm.cpp, line 1248]
Event: 0.797 Thread 0x000001cd7df64800 Exception <a 'java/security/PrivilegedActionException'> (0x00000007805567d8) thrown at [D:\re\workspace\8-2-build-windows-amd64-cygwin\jdk8u5\2488\hotspot\src\share\vm\prims\jvm.cpp, line 1248]

Events (10 events):
Event: 0.794 loading class tcl/lang/ProcCmd
Event: 0.794 loading class tcl/lang/ProcCmd done
Event: 0.794 loading class tcl/lang/Procedure
Event: 0.794 loading class tcl/lang/Procedure done
Event: 0.795 loading class tcl/lang/StringCmd
Event: 0.795 loading class tcl/lang/StringCmd done
Event: 0.797 loading class com/altera/tcl/interpreter/NativeTclWrapper
Event: 0.797 loading class com/altera/tcl/interpreter/NativeTclWrapper done
Event: 0.797 loading class com/altera/tcl/interpreter/NativeTclWrapper$1
Event: 0.797 loading class com/altera/tcl/interpreter/NativeTclWrapper$1 done


Dynamic libraries:
0x00007ff7271e0000 - 0x00007ff72721a000 	C:\altera\14.1\quartus\bin64\..\sopc_builder\bin\system-console.exe
0x00007ffed2fe0000 - 0x00007ffed31a1000 	C:\WINDOWS\SYSTEM32\ntdll.dll
0x00007ffed0650000 - 0x00007ffed06fd000 	C:\WINDOWS\system32\KERNEL32.DLL
0x00007ffed01f0000 - 0x00007ffed03d8000 	C:\WINDOWS\system32\KERNELBASE.dll
0x00007ffecddf0000 - 0x00007ffecde69000 	C:\WINDOWS\system32\apphelp.dll
0x00007ffed09f0000 - 0x00007ffed0a97000 	C:\WINDOWS\system32\ADVAPI32.dll
0x00007ffed0aa0000 - 0x00007ffed0b3d000 	C:\WINDOWS\system32\msvcrt.dll
0x00007ffed0fa0000 - 0x00007ffed0ffb000 	C:\WINDOWS\system32\sechost.dll
0x00007ffed0e10000 - 0x00007ffed0f2c000 	C:\WINDOWS\system32\RPCRT4.dll
0x00007ffed03e0000 - 0x00007ffed0536000 	C:\WINDOWS\system32\USER32.dll
0x00007ffed1470000 - 0x00007ffed15f6000 	C:\WINDOWS\system32\GDI32.dll
0x00007ffed1000000 - 0x00007ffed103b000 	C:\WINDOWS\system32\IMM32.DLL
0x000000005fc00000 - 0x000000006042a000 	C:\altera\14.1\quartus\bin64\jre64\bin\server\jvm.dll
0x00007ffed2f60000 - 0x00007ffed2f68000 	C:\WINDOWS\system32\PSAPI.DLL
0x0000000063810000 - 0x00000000638e2000 	C:\WINDOWS\SYSTEM32\MSVCR100.dll
0x00007ffecd7f0000 - 0x00007ffecd813000 	C:\WINDOWS\SYSTEM32\WINMM.dll
0x00007ffec4930000 - 0x00007ffec4939000 	C:\WINDOWS\SYSTEM32\WSOCK32.dll
0x00007ffed2f70000 - 0x00007ffed2fdb000 	C:\WINDOWS\system32\WS2_32.dll
0x000001cd78c90000 - 0x000001cd78cbc000 	C:\WINDOWS\SYSTEM32\WINMMBASE.dll
0x00007ffecfdf0000 - 0x00007ffecfe33000 	C:\WINDOWS\system32\cfgmgr32.dll
0x0000000062eb0000 - 0x0000000062ebf000 	C:\altera\14.1\quartus\bin64\jre64\bin\verify.dll
0x0000000062e80000 - 0x0000000062ea8000 	C:\altera\14.1\quartus\bin64\jre64\bin\java.dll
0x0000000062e60000 - 0x0000000062e76000 	C:\altera\14.1\quartus\bin64\jre64\bin\zip.dll
0x00007ffed16d0000 - 0x00007ffed2c2c000 	C:\WINDOWS\system32\SHELL32.dll
0x00007ffecf7a0000 - 0x00007ffecfde5000 	C:\WINDOWS\system32\windows.storage.dll
0x00007ffed0770000 - 0x00007ffed09ed000 	C:\WINDOWS\system32\combase.dll
0x00007ffecfe40000 - 0x00007ffecfeaa000 	C:\WINDOWS\system32\bcryptPrimitives.dll
0x00007ffed0700000 - 0x00007ffed0752000 	C:\WINDOWS\system32\shlwapi.dll
0x00007ffecf630000 - 0x00007ffecf63f000 	C:\WINDOWS\system32\kernel.appcore.dll
0x00007ffed0110000 - 0x00007ffed01c5000 	C:\WINDOWS\system32\shcore.dll
0x00007ffecf640000 - 0x00007ffecf68b000 	C:\WINDOWS\system32\powrprof.dll
0x00007ffecf600000 - 0x00007ffecf614000 	C:\WINDOWS\system32\profapi.dll
0x000000005fa30000 - 0x000000005fbc6000 	C:\altera\14.1\quartus\bin64\jre64\bin\awt.dll
0x00007ffed1600000 - 0x00007ffed16c1000 	C:\WINDOWS\system32\OLEAUT32.dll
0x00007ffecad90000 - 0x00007ffecae3a000 	C:\WINDOWS\WinSxS\amd64_microsoft.windows.common-controls_6595b64144ccf1df_5.82.10586.0_none_396e892957c7fb25\COMCTL32.dll
0x00007ffecded0000 - 0x00007ffecdf66000 	C:\WINDOWS\system32\uxtheme.dll
0x00007ffed0cb0000 - 0x00007ffed0e0a000 	C:\WINDOWS\system32\MSCTF.dll
0x00007ffebce10000 - 0x00007ffebce59000 	C:\Program Files (x86)\TeamViewer\tv_x64.dll
0x00007ffed0b40000 - 0x00007ffed0c83000 	C:\WINDOWS\system32\ole32.dll
0x00007ffecb9b0000 - 0x00007ffecb9ba000 	C:\WINDOWS\SYSTEM32\VERSION.dll
0x00007ffeccb70000 - 0x00007ffeccb92000 	C:\WINDOWS\system32\dwmapi.dll
0x0000000062e40000 - 0x0000000062e5a000 	C:\altera\14.1\quartus\bin64\jre64\bin\net.dll
0x00007ffecef30000 - 0x00007ffecef8c000 	C:\WINDOWS\system32\mswsock.dll
0x00007ffeccba0000 - 0x00007ffeccbd8000 	C:\WINDOWS\SYSTEM32\IPHLPAPI.DLL
0x00007ffed2da0000 - 0x00007ffed2da8000 	C:\WINDOWS\system32\NSI.dll
0x00007ffecbff0000 - 0x00007ffecc006000 	C:\WINDOWS\SYSTEM32\dhcpcsvc6.DLL
0x00007ffecbfd0000 - 0x00007ffecbfea000 	C:\WINDOWS\SYSTEM32\dhcpcsvc.DLL
0x00007ffeba7e0000 - 0x00007ffeba7e6000 	C:\altera\14.1\quartus\bin64\sld_utiljni.dll
0x00007ffec4840000 - 0x00007ffec492f000 	C:\WINDOWS\SYSTEM32\MSVCR120.dll
0x00007ffeba640000 - 0x00007ffeba672000 	C:\altera\14.1\quartus\bin64\jtag_client.dll
0x00007ffec4a40000 - 0x00007ffec4ae6000 	C:\WINDOWS\SYSTEM32\MSVCP120.dll
0x00007ffeba630000 - 0x00007ffeba639000 	C:\altera\14.1\quartus\bin64\jtag_atlantic.dll
0x00007ffeba610000 - 0x00007ffeba628000 	C:\altera\14.1\quartus\bin64\pgm_gdb.dll
0x00007ffeba600000 - 0x00007ffeba60f000 	C:\altera\14.1\quartus\bin64\sld_jtagjni.dll
0x00007ffec1d00000 - 0x00007ffec1d16000 	C:\WINDOWS\system32\napinsp.dll
0x00007ffec1ce0000 - 0x00007ffec1cfa000 	C:\WINDOWS\system32\pnrpnsp.dll
0x00007ffecb0f0000 - 0x00007ffecb108000 	C:\WINDOWS\system32\NLAapi.dll
0x00007ffece070000 - 0x00007ffece11a000 	C:\WINDOWS\SYSTEM32\DNSAPI.dll
0x00007ffec44b0000 - 0x00007ffec44bd000 	C:\WINDOWS\System32\winrnr.dll
0x0000000063560000 - 0x0000000063569000 	C:\Program Files\National Instruments\Shared\mDNS Responder\nimdnsNSP.dll
0x0000000063550000 - 0x000000006355e000 	C:\WINDOWS\SYSTEM32\nimdnsResponder.dll
0x0000000063b60000 - 0x0000000063c03000 	C:\WINDOWS\WinSxS\amd64_microsoft.vc90.crt_1fc8b3b9a1e18e3b_9.0.30729.9177_none_08e695a3a83b6ce3\MSVCR90.dll
0x0000000063990000 - 0x00000000639b6000 	C:\Program Files\Bonjour\mdnsNSP.dll
0x00007ffec9560000 - 0x00007ffec956a000 	C:\Windows\System32\rasadhlp.dll
0x00007ffecbdc0000 - 0x00007ffecbe27000 	C:\WINDOWS\System32\fwpuclnt.dll
0x00007ffecf200000 - 0x00007ffecf229000 	C:\WINDOWS\SYSTEM32\bcrypt.dll
0x000000005f850000 - 0x000000005f897000 	C:\altera\14.1\quartus\bin64\jre64\bin\fontmanager.dll
0x0000000062e20000 - 0x0000000062e31000 	C:\altera\14.1\quartus\bin64\jre64\bin\nio.dll
0x00007ffeb4c90000 - 0x00007ffeb4c98000 	C:\altera\14.1\quartus\bin64\sld_usbjni.dll
0x00007ffed1040000 - 0x00007ffed1469000 	C:\WINDOWS\system32\SETUPAPI.dll
0x00007ffece020000 - 0x00007ffece047000 	C:\WINDOWS\SYSTEM32\DEVOBJ.dll
0x00007ffecf740000 - 0x00007ffecf795000 	C:\WINDOWS\system32\WINTRUST.dll
0x00007ffecf620000 - 0x00007ffecf630000 	C:\WINDOWS\system32\MSASN1.dll
0x00007ffecfeb0000 - 0x00007ffed0077000 	C:\WINDOWS\system32\CRYPT32.dll
0x000000005f8a0000 - 0x000000005fa27000 	C:\altera\14.1\quartus\bin64\tcl86.dll
0x00007ffed01d0000 - 0x00007ffed01e7000 	C:\WINDOWS\system32\NETAPI32.dll
0x00007ffecea70000 - 0x00007ffecea7c000 	C:\WINDOWS\SYSTEM32\NETUTILS.DLL
0x00007ffec98e0000 - 0x00007ffec98f9000 	C:\WINDOWS\SYSTEM32\SAMCLI.DLL
0x00007ffeca500000 - 0x00007ffeca53e000 	C:\WINDOWS\SYSTEM32\LOGONCLI.DLL
0x00007ffeb4c80000 - 0x00007ffeb4c89000 	C:\altera\14.1\quartus\bin64\tcl_jni_bridge.dll
0x00007ffeca130000 - 0x00007ffeca2bc000 	C:\WINDOWS\SYSTEM32\dbghelp.dll

VM Arguments:
java_command: <unknown>
java_class_path (initial): C:/altera/14.1/quartus/bin64/../sopc_builder/model/lib\Nlview.jar;C:/altera/14.1/quartus/bin64/../sopc_builder/model/lib\QuickServer.jar;C:/altera/14.1/quartus/bin64/../sopc_builder/model/lib\TableLayout.jar;C:/altera/14.1/quartus/bin64/../sopc_builder/model/lib\appframework-1.03.jar;C:/altera/14.1/quartus/bin64/../sopc_builder/model/lib\asm-3.1.jar;C:/altera/14.1/quartus/bin64/../sopc_builder/model/lib\asm-commons-3.1.jar;C:/altera/14.1/quartus/bin64/../sopc_builder/model/lib\basicmodel.jar;C:/altera/14.1/quartus/bin64/../sopc_builder/model/lib\beansbinding-1.2.1.jar;C:/altera/14.1/quartus/bin64/../sopc_builder/model/lib\binding-2.0.6.jar;C:/altera/14.1/quartus/bin64/../sopc_builder/model/lib\com.altera.componenteditor2.jar;C:/altera/14.1/quartus/bin64/../sopc_builder/model/lib\com.altera.embeddedsw.app_lib.jar;C:/altera/14.1/quartus/bin64/../sopc_builder/model/lib\com.altera.embeddedsw.bsp.editor.jar;C:/altera/14.1/quartus/bin64/../sopc_builder/model/lib\com.altera.embeddedsw.bsp.elements.jar;C:/altera/14.1/quartus/bin64/../sopc_builder/model/lib\com.altera.embeddedsw.bsp.jar;C:/altera/14.1/quartus/bin64/../sopc_builder/model/lib\com.altera.embeddedsw.bsp.plugin.core.jar;C:/altera/14.1/quartus/bin64/../sopc_builder/model/lib\com.altera.embeddedsw.bsp.plugin.hal.jar;C:/altera/14.1/quartus/bin64/../sopc_builder/model/lib\com.altera.embeddedsw.bsp.plugin.lwhal.jar;C:/altera/14.1/quartus/bin64/../sopc_builder/model/lib\com.altera.embeddedsw.bsp.schema.jar;C:/altera/14.1/quartus/bin64/../sopc_builder/model/lib\com.altera.embeddedsw.bsp.scripting.jar;C:/altera/14.1/quartus/bin64/../sopc_builder/model/lib\com.altera.embeddedsw.commandline.jar;C:/altera/14.1/quartus/bin64/../sopc_builder/model/lib\com.altera.embeddedsw.cpexample.jar;C:/altera/14.1/quartus/bin64/../sopc_builder/model/lib\com.altera.embeddedsw.flash.jar;C:/altera/14.1/quartus/bin64/../sopc_builder/model/lib\com.altera.embeddedsw.launch.jar;C:/altera/14.1/quartus/bin64/../sopc_bu
Launcher Type: generic

Environment Variables:
USERNAME=Alex
OS=Windows_NT
PROCESSOR_IDENTIFIER=Intel64 Family 6 Model 58 Stepping 9, GenuineIntel



---------------  S Y S T E M  ---------------

OS: Windows 8 , 64 bit Build 9200 

CPU:total 4 (4 cores per cpu, 1 threads per core) family 6 model 58 stepping 9, cmov, cx8, fxsr, mmx, sse, sse2, sse3, ssse3, sse4.1, sse4.2, popcnt, avx, aes, clmul, erms, tsc, tscinvbit

Memory: 4k page, physical 12542356k(5107000k free), swap 16998804k(4969144k free)

vm_info: Java HotSpot(TM) 64-Bit Server VM (25.5-b02) for windows-amd64 JRE (1.8.0_05-b13), built on Mar 18 2014 01:08:39 by "java_re" with MS VC++ 10.0 (VS2010)

time: Mon Feb 15 20:17:19 2016
elapsed time: 0 seconds

